# JRE version: OpenJDK Runtime Environment Corretto-11.0.13.8.1 (11.0.13+8) (build 11.0.13+8-LTS)
# Java VM: OpenJDK 64-Bit Server VM Corretto-11.0.13.8.1 (11.0.13+8-LTS, mixed mode, tiered, compressed oops, g1 gc, windows-amd64)
Heap:
 garbage-first heap   total 262144K, used 61427K [0x0000000701000000, 0x0000000800000000)
  region size 1024K, 55 young (56320K), 11 survivors (11264K)
 Metaspace       used 43975K, capacity 45367K, committed 45616K, reserved 1089536K
  class space    used 5452K, capacity 6013K, committed 6016K, reserved 1048576K
GC Heap History (10 events):
Event: 0.541 GC heap before
{Heap before GC invocations=0 (full 0):
 garbage-first heap   total 262144K, used 22528K [0x0000000701000000, 0x0000000800000000)
  region size 1024K, 22 young (22528K), 0 survivors (0K)
 Metaspace       used 11020K, capacity 11178K, committed 11392K, reserved 1058816K
  class space    used 984K, capacity 1041K, committed 1152K, reserved 1048576K
}
Event: 0.544 GC heap after
{Heap after GC invocations=1 (full 0):
 garbage-first heap   total 262144K, used 6648K [0x0000000701000000, 0x0000000800000000)
  region size 1024K, 3 young (3072K), 3 survivors (3072K)
 Metaspace       used 11020K, capacity 11178K, committed 11392K, reserved 1058816K
  class space    used 984K, capacity 1041K, committed 1152K, reserved 1048576K
}
Event: 1.362 GC heap before
{Heap before GC invocations=1 (full 0):
 garbage-first heap   total 262144K, used 97784K [0x0000000701000000, 0x0000000800000000)
  region size 1024K, 93 young (95232K), 3 survivors (3072K)
 Metaspace       used 20515K, capacity 21231K, committed 21296K, reserved 1069056K
  class space    used 2159K, capacity 2432K, committed 2432K, reserved 1048576K
}
Event: 1.368 GC heap after
{Heap after GC invocations=2 (full 0):
 garbage-first heap   total 262144K, used 9455K [0x0000000701000000, 0x0000000800000000)
  region size 1024K, 6 young (6144K), 6 survivors (6144K)
 Metaspace       used 20515K, capacity 21231K, committed 21296K, reserved 1069056K
  class space    used 2159K, capacity 2432K, committed 2432K, reserved 1048576K
}
Event: 1.894 GC heap before
{Heap before GC invocations=3 (full 0):
 garbage-first heap   total 262144K, used 100591K [0x0000000701000000, 0x0000000800000000)
  region size 1024K, 95 young (97280K), 6 survivors (6144K)
 Metaspace       used 28894K, capacity 29798K, committed 29872K, reserved 1075200K
  class space    used 3211K, capacity 3570K, committed 3584K, reserved 1048576K
}
Event: 1.899 GC heap after
{Heap after GC invocations=4 (full 0):
 garbage-first heap   total 262144K, used 11187K [0x0000000701000000, 0x0000000800000000)
  region size 1024K, 8 young (8192K), 8 survivors (8192K)
 Metaspace       used 28894K, capacity 29798K, committed 29872K, reserved 1075200K
  class space    used 3211K, capacity 3570K, committed 3584K, reserved 1048576K
}
Event: 2.402 GC heap before
{Heap before GC invocations=4 (full 0):
 garbage-first heap   total 262144K, used 103347K [0x0000000701000000, 0x0000000800000000)
  region size 1024K, 99 young (101376K), 8 survivors (8192K)
 Metaspace       used 34489K, capacity 35533K, committed 35708K, reserved 1081344K
  class space    used 3937K, capacity 4366K, committed 4480K, reserved 1048576K
}
Event: 2.410 GC heap after
{Heap after GC invocations=5 (full 0):
 garbage-first heap   total 262144K, used 13526K [0x0000000701000000, 0x0000000800000000)
  region size 1024K, 10 young (10240K), 10 survivors (10240K)
 Metaspace       used 34489K, capacity 35533K, committed 35708K, reserved 1081344K
  class space    used 3937K, capacity 4366K, committed 4480K, reserved 1048576K
}
Event: 3.432 GC heap before
{Heap before GC invocations=6 (full 0):
 garbage-first heap   total 262144K, used 142550K [0x0000000701000000, 0x0000000800000000)
  region size 1024K, 136 young (139264K), 10 survivors (10240K)
 Metaspace       used 42301K, capacity 43537K, committed 43568K, reserved 1087488K
  class space    used 5233K, capacity 5747K, committed 5760K, reserved 1048576K
}
Event: 3.442 GC heap after
{Heap after GC invocations=7 (full 0):
 garbage-first heap   total 262144K, used 17395K [0x0000000701000000, 0x0000000800000000)
  region size 1024K, 11 young (11264K), 11 survivors (11264K)
 Metaspace       used 42301K, capacity 43537K, committed 43568K, reserved 1087488K
  class space    used 5233K, capacity 5747K, committed 5760K, reserved 1048576K
}

