# JRE version: OpenJDK Runtime Environment Corretto-11.0.13.8.1 (11.0.13+8) (build 11.0.13+8-LTS)
# Java VM: OpenJDK 64-Bit Server VM Corretto-11.0.13.8.1 (11.0.13+8-LTS, mixed mode, tiered, compressed oops, g1 gc, windows-amd64)
Heap:
 garbage-first heap   total 315392K, used 48902K [0x0000000701000000, 0x0000000800000000)
  region size 1024K, 40 young (40960K), 16 survivors (16384K)
 Metaspace       used 67914K, capacity 69896K, committed 70044K, reserved 1110016K
  class space    used 8560K, capacity 9371K, committed 9452K, reserved 1048576K
GC Heap History (16 events):
Event: 0.733 GC heap before
{Heap before GC invocations=0 (full 0):
 garbage-first heap   total 262144K, used 22528K [0x0000000701000000, 0x0000000800000000)
  region size 1024K, 22 young (22528K), 0 survivors (0K)
 Metaspace       used 11006K, capacity 11178K, committed 11392K, reserved 1058816K
  class space    used 981K, capacity 1041K, committed 1152K, reserved 1048576K
}
Event: 0.737 GC heap after
{Heap after GC invocations=1 (full 0):
 garbage-first heap   total 262144K, used 6876K [0x0000000701000000, 0x0000000800000000)
  region size 1024K, 3 young (3072K), 3 survivors (3072K)
 Metaspace       used 11006K, capacity 11178K, committed 11392K, reserved 1058816K
  class space    used 981K, capacity 1041K, committed 1152K, reserved 1048576K
}
Event: 1.501 GC heap before
{Heap before GC invocations=1 (full 0):
 garbage-first heap   total 262144K, used 91868K [0x0000000701000000, 0x0000000800000000)
  region size 1024K, 87 young (89088K), 3 survivors (3072K)
 Metaspace       used 20532K, capacity 21126K, committed 21296K, reserved 1069056K
  class space    used 2125K, capacity 2359K, committed 2432K, reserved 1048576K
}
Event: 1.507 GC heap after
{Heap after GC invocations=2 (full 0):
 garbage-first heap   total 262144K, used 9179K [0x0000000701000000, 0x0000000800000000)
  region size 1024K, 6 young (6144K), 6 survivors (6144K)
 Metaspace       used 20532K, capacity 21126K, committed 21296K, reserved 1069056K
  class space    used 2125K, capacity 2359K, committed 2432K, reserved 1048576K
}
Event: 2.077 GC heap before
{Heap before GC invocations=3 (full 0):
 garbage-first heap   total 262144K, used 100315K [0x0000000701000000, 0x0000000800000000)
  region size 1024K, 95 young (97280K), 6 survivors (6144K)
 Metaspace       used 28330K, capacity 29235K, committed 29360K, reserved 1075200K
  class space    used 3171K, capacity 3558K, committed 3584K, reserved 1048576K
}
Event: 2.083 GC heap after
{Heap after GC invocations=4 (full 0):
 garbage-first heap   total 262144K, used 11577K [0x0000000701000000, 0x0000000800000000)
  region size 1024K, 8 young (8192K), 8 survivors (8192K)
 Metaspace       used 28330K, capacity 29235K, committed 29360K, reserved 1075200K
  class space    used 3171K, capacity 3558K, committed 3584K, reserved 1048576K
}
Event: 2.730 GC heap before
{Heap before GC invocations=4 (full 0):
 garbage-first heap   total 262144K, used 152889K [0x0000000701000000, 0x0000000800000000)
  region size 1024K, 147 young (150528K), 8 survivors (8192K)
 Metaspace       used 34244K, capacity 35372K, committed 35504K, reserved 1081344K
  class space    used 3909K, capacity 4336K, committed 4352K, reserved 1048576K
}
Event: 2.737 GC heap after
{Heap after GC invocations=5 (full 0):
 garbage-first heap   total 262144K, used 13672K [0x0000000701000000, 0x0000000800000000)
  region size 1024K, 10 young (10240K), 10 survivors (10240K)
 Metaspace       used 34244K, capacity 35372K, committed 35504K, reserved 1081344K
  class space    used 3909K, capacity 4336K, committed 4352K, reserved 1048576K
}
Event: 2.800 GC heap before
{Heap before GC invocations=5 (full 0):
 garbage-first heap   total 262144K, used 20840K [0x0000000701000000, 0x0000000800000000)
  region size 1024K, 18 young (18432K), 10 survivors (10240K)
 Metaspace       used 34683K, capacity 35829K, committed 35888K, reserved 1081344K
  class space    used 3967K, capacity 4425K, committed 4480K, reserved 1048576K
}
Event: 2.808 GC heap after
{Heap after GC invocations=6 (full 0):
 garbage-first heap   total 262144K, used 13958K [0x0000000701000000, 0x0000000800000000)
  region size 1024K, 10 young (10240K), 10 survivors (10240K)
 Metaspace       used 34683K, capacity 35829K, committed 35888K, reserved 1081344K
  class space    used 3967K, capacity 4425K, committed 4480K, reserved 1048576K
}
Event: 6.792 GC heap before
{Heap before GC invocations=7 (full 0):
 garbage-first heap   total 262144K, used 159366K [0x0000000701000000, 0x0000000800000000)
  region size 1024K, 153 young (156672K), 10 survivors (10240K)
 Metaspace       used 45994K, capacity 47312K, committed 47536K, reserved 1091584K
  class space    used 5368K, capacity 5871K, committed 5888K, reserved 1048576K
}
Event: 6.802 GC heap after
{Heap after GC invocations=8 (full 0):
 garbage-first heap   total 315392K, used 18140K [0x0000000701000000, 0x0000000800000000)
  region size 1024K, 14 young (14336K), 14 survivors (14336K)
 Metaspace       used 45994K, capacity 47312K, committed 47536K, reserved 1091584K
  class space    used 5368K, capacity 5871K, committed 5888K, reserved 1048576K
}
Event: 8.355 GC heap before
{Heap before GC invocations=8 (full 0):
 garbage-first heap   total 315392K, used 172764K [0x0000000701000000, 0x0000000800000000)
  region size 1024K, 167 young (171008K), 14 survivors (14336K)
 Metaspace       used 58696K, capacity 60170K, committed 60208K, reserved 1101824K
  class space    used 7223K, capacity 7806K, committed 7808K, reserved 1048576K
}
Event: 8.369 GC heap after
{Heap after GC invocations=9 (full 0):
 garbage-first heap   total 315392K, used 21631K [0x0000000701000000, 0x0000000800000000)
  region size 1024K, 15 young (15360K), 15 survivors (15360K)
 Metaspace       used 58696K, capacity 60170K, committed 60208K, reserved 1101824K
  class space    used 7223K, capacity 7806K, committed 7808K, reserved 1048576K
}
Event: 9.871 GC heap before
{Heap before GC invocations=10 (full 0):
 garbage-first heap   total 315392K, used 194687K [0x0000000701000000, 0x0000000800000000)
  region size 1024K, 184 young (188416K), 15 survivors (15360K)
 Metaspace       used 66233K, capacity 68205K, committed 68508K, reserved 1107968K
  class space    used 8277K, capacity 9067K, committed 9196K, reserved 1048576K
}
Event: 9.883 GC heap after
{Heap after GC invocations=11 (full 0):
 garbage-first heap   total 315392K, used 25350K [0x0000000701000000, 0x0000000800000000)
  region size 1024K, 16 young (16384K), 16 survivors (16384K)
 Metaspace       used 66233K, capacity 68205K, committed 68508K, reserved 1107968K
  class space    used 8277K, capacity 9067K, committed 9196K, reserved 1048576K
}

